빌드 시작: 2018-12-11 오전 12:40:22
     1>2 노드의 "C:\Users\user\Documents\Visual Studio 2012\Projects\2015440123 임순형\linkedlist2\linkedlist2.vcxproj" 프로젝트(Build 대상)입니다.
     1>ClCompile:
         C:\Program Files (x86)\Microsoft Visual Studio 11.0\VC\bin\CL.exe /c /ZI /nologo /W3 /WX- /Od /Oy- /D WIN32 /D _DEBUG /D _CONSOLE /D _UNICODE /D UNICODE /Gm /EHsc /RTC1 /MDd /GS /fp:precise /Zc:wchar_t /Zc:forScope /Fo"Debug\\" /Fd"Debug\vc110.pdb" /Gd /TP /analyze- /errorReport:prompt linkedlist.cpp
         linkedlist.cpp
     1>c:\users\user\documents\visual studio 2012\projects\2015440123 임순형\linkedlist2\linkedlist.cpp(4): error C2143: 구문 오류 : ';'이(가) '<class-head>' 앞에 없습니다.
     1>c:\users\user\documents\visual studio 2012\projects\2015440123 임순형\linkedlist2\linkedlist.cpp(4): error C4430: 형식 지정자가 없습니다. int로 가정합니다. 참고: C++에서는 기본 int를 지원하지 않습니다.
     1>c:\users\user\documents\visual studio 2012\projects\2015440123 임순형\linkedlist2\linkedlist.cpp(9): error C2146: 구문 오류 : ';'이(가) 'Node' 식별자 앞에 없습니다.
     1>c:\users\user\documents\visual studio 2012\projects\2015440123 임순형\linkedlist2\linkedlist.cpp(9): error C4430: 형식 지정자가 없습니다. int로 가정합니다. 참고: C++에서는 기본 int를 지원하지 않습니다.
     1>c:\users\user\documents\visual studio 2012\projects\2015440123 임순형\linkedlist2\linkedlist.cpp(9): error C2086: 'int ​' : 재정의
                 c:\users\user\documents\visual studio 2012\projects\2015440123 임순형\linkedlist2\linkedlist.cpp(4) : '​' 선언을 참조하십시오.
     1>c:\users\user\documents\visual studio 2012\projects\2015440123 임순형\linkedlist2\linkedlist.cpp(16): error C2144: 구문 오류 : void'은(는) ';' 다음에 와야 합니다.
     1>c:\users\user\documents\visual studio 2012\projects\2015440123 임순형\linkedlist2\linkedlist.cpp(16): error C4430: 형식 지정자가 없습니다. int로 가정합니다. 참고: C++에서는 기본 int를 지원하지 않습니다.
     1>c:\users\user\documents\visual studio 2012\projects\2015440123 임순형\linkedlist2\linkedlist.cpp(16): error C2086: 'int ​' : 재정의
                 c:\users\user\documents\visual studio 2012\projects\2015440123 임순형\linkedlist2\linkedlist.cpp(4) : '​' 선언을 참조하십시오.
     1>c:\users\user\documents\visual studio 2012\projects\2015440123 임순형\linkedlist2\linkedlist.cpp(23): error C2144: 구문 오류 : void'은(는) ';' 다음에 와야 합니다.
     1>c:\users\user\documents\visual studio 2012\projects\2015440123 임순형\linkedlist2\linkedlist.cpp(23): error C4430: 형식 지정자가 없습니다. int로 가정합니다. 참고: C++에서는 기본 int를 지원하지 않습니다.
     1>c:\users\user\documents\visual studio 2012\projects\2015440123 임순형\linkedlist2\linkedlist.cpp(23): error C2086: 'int ​' : 재정의
                 c:\users\user\documents\visual studio 2012\projects\2015440123 임순형\linkedlist2\linkedlist.cpp(4) : '​' 선언을 참조하십시오.
     1>c:\users\user\documents\visual studio 2012\projects\2015440123 임순형\linkedlist2\linkedlist.cpp(28): error C2144: 구문 오류 : int'은(는) ';' 다음에 와야 합니다.
     1>c:\users\user\documents\visual studio 2012\projects\2015440123 임순형\linkedlist2\linkedlist.cpp(28): error C4430: 형식 지정자가 없습니다. int로 가정합니다. 참고: C++에서는 기본 int를 지원하지 않습니다.
     1>c:\users\user\documents\visual studio 2012\projects\2015440123 임순형\linkedlist2\linkedlist.cpp(28): error C2086: 'int ​' : 재정의
                 c:\users\user\documents\visual studio 2012\projects\2015440123 임순형\linkedlist2\linkedlist.cpp(4) : '​' 선언을 참조하십시오.
     1>c:\users\user\documents\visual studio 2012\projects\2015440123 임순형\linkedlist2\linkedlist.cpp(33): error C2146: 구문 오류 : ';'이(가) 'addHead' 식별자 앞에 없습니다.
     1>c:\users\user\documents\visual studio 2012\projects\2015440123 임순형\linkedlist2\linkedlist.cpp(38): fatal error C1004: 예기치 않은 파일의 끝이 나타났습니다.
     1>"C:\Users\user\Documents\Visual Studio 2012\Projects\2015440123 임순형\linkedlist2\linkedlist2.vcxproj" 프로젝트를 빌드했습니다(Build 대상). - 실패

빌드하지 못했습니다.

경과 시간: 00:00:01.23
